make.exe all --print-data-base --no-builtin-variables --no-builtin-rules --question
make: *** No rule to make target 'all'.  Stop.
 
# GNU Make 4.3
# Built for x86_64-pc-msys
# Copyright (C) 1988-2020 Free Software Foundation, Inc.
# License GPLv3+: GNU GPL version 3 or later <http://gnu.org/licenses/gpl.html>
# This is free software: you are free to change and redistribute it.
# There is NO WARRANTY, to the extent permitted by law.

# Make data base, printed on Thu Nov 25 16:03:25 2021

# Variables

# environment
FPS_BROWSER_APP_PROFILE_STRING = Internet Explorer
# environment
SYSTEMDRIVE = C:
# makefile (from 'makefile', line 5)
OBJ = main.o .\classes\production.c .\classes\grammar.o .\classes\utility.o
# environment
LC_ALL = C
# environment
USERPROFILE = C:\Users\maxst
# environment
LOCALAPPDATA = C:\Users\maxst\AppData\Local
# environment
VSCODE_IPC_HOOK_EXTHOST = \\.\pipe\vscode-ipc-fce98d7a-5528-4892-bf12-b6de1fe4ad6e-sock
# environment
VSCODE_CWD = C:\Users\maxst\AppData\Local\Programs\Microsoft VS Code
# environment
SYSTEMROOT = C:\WINDOWS
# environment
PROCESSOR_LEVEL = 6
# environment
PSMODULEPATH = C:\Program Files\WindowsPowerShell\Modules;C:\WINDOWS\system32\WindowsPowerShell\v1.0\Modules
# default
MAKE_COMMAND := make
# automatic
@D = $(patsubst %/,%,$(dir $@))
# environment
CHROME_CRASHPAD_PIPE_NAME = \\.\pipe\crashpad_20264_KYOHXCAHFEEYKNPG
# environment
FPS_BROWSER_USER_PROFILE_STRING = Default
# environment
VSCODE_HANDLES_UNCAUGHT_ERRORS = true
# default
.VARIABLES := 
# automatic
%D = $(patsubst %/,%,$(dir $%))
# automatic
^D = $(patsubst %/,%,$(dir $^))
# environment
VSCODE_LOG_STACK = false
# automatic
%F = $(notdir $%)
# environment
VSCODE_CODE_CACHE_PATH = C:\Users\maxst\AppData\Roaming\Code\CachedData\ccbaa2d27e38e5afa3e5c21c1c7bef4657064247
# environment
LANG = C
# default
.LOADED := 
# environment
TMP = /c/Users/maxst/AppData/Local/Temp
# default
.INCLUDE_DIRS = /usr/include /usr/include
# makefile
MAKEFLAGS = pqrR
# environment
ONEDRIVE = C:\Users\maxst\OneDrive
# makefile
CURDIR := /g/My Drive/University/Anno 3/LFC/Progetto_LFC
# environment
VSCODE_PIPE_LOGGING = true
# environment
APPLICATION_INSIGHTS_NO_DIAGNOSTIC_CHANNEL = true
# automatic
*D = $(patsubst %/,%,$(dir $*))
# environment
PROGRAMFILES = C:\Program Files
# environment
MFLAGS = -pqrR
# default
.SHELLFLAGS := -c
# environment
COMMONPROGRAMW6432 = C:\Program Files\Common Files
# automatic
+D = $(patsubst %/,%,$(dir $+))
# makefile (from 'makefile', line 1)
MAKEFILE_LIST := makefile
# automatic
@F = $(notdir $@)
# environment
VSCODE_VERBOSE_LOGGING = true
# environment
VSCODE_PID = 20264
# automatic
?D = $(patsubst %/,%,$(dir $?))
# environment
ONLINESERVICES = Online Services
# automatic
*F = $(notdir $*)
# automatic
<D = $(patsubst %/,%,$(dir $<))
# environment
VSCODE_NLS_CONFIG = {"locale":"en","availableLanguages":{},"_languagePackSupport":true}
# environment
ONEDRIVECONSUMER = C:\Users\maxst\OneDrive
# default
MAKE_HOST := x86_64-pc-msys
# environment
PROGRAMDATA = C:\ProgramData
# default
SHELL := /bin/sh
# environment
HOMEPATH = \Users\maxst
# default
MAKECMDGOALS := all
# environment
DRIVERDATA = C:\Windows\System32\Drivers\DriverData
# environment
COMSPEC = C:\WINDOWS\system32\cmd.exe
# environment
WINDIR = C:\WINDOWS
# environment
MAKELEVEL := 0
# default
MAKE = $(MAKE_COMMAND)
# environment
PATH = /c/Program Files (x86)/Common Files/Oracle/Java/javapath:/c/WINDOWS/system32:/c/WINDOWS:/c/WINDOWS/System32/Wbem:/c/WINDOWS/System32/WindowsPowerShell/v1.0:/c/WINDOWS/System32/OpenSSH:/c/Program Files/Git/cmd:/c/Program Files/dotnet:/c/Program Files/Calibre2:/mingw64/bin:/usr/bin:/c/Users/maxst/AppData/Local/Microsoft/WindowsApps:/c/Users/maxst/AppData/Local/Programs/Microsoft VS Code/bin:/mingw64/bin:/c/Users/maxst/AppData/Local/Programs/oh-my-posh/bin:/c/Users/maxst/AppData/Local/Programs/oh-my-posh/themes:/usr/bin
# environment
ZES_ENABLE_SYSMAN = 1
# environment
COMPUTERNAME = ITA_PC
# default
MAKEFILES := 
# automatic
^F = $(notdir $^)
# environment
PROMPT = $P$G
# environment
LOGONSERVER = \\ITA_PC
# environment
VSCODE_LOG_NATIVE = false
# environment
USERNAME = maxst
# environment
COMMONPROGRAMFILES = C:\Program Files\Common Files
# automatic
?F = $(notdir $?)
# environment
PROGRAMW6432 = C:\Program Files
# environment
PATHEXT = .COM;.EXE;.BAT;.CMD;.VBS;.VBE;.JS;.JSE;.WSF;.WSH;.MSC
# automatic
+F = $(notdir $+)
# environment
ORIGINAL_XDG_CURRENT_DESKTOP = undefined
# environment
USERDOMAIN = ITA_PC
# 'override' directive
GNUMAKEFLAGS := 
# environment
!G: = g:\My Drive\University\Anno 3\LFC\Progetto_LFC
# environment
OS = Windows_NT
# makefile
.DEFAULT_GOAL := main
# default
MAKE_VERSION := 4.3
# environment
PLATFORMCODE = KV
# environment
PROGRAMFILES(X86) = C:\Program Files (x86)
# environment
USERDOMAIN_ROAMINGPROFILE = ITA_PC
# environment
NUMBER_OF_PROCESSORS = 8
# environment
PUBLIC = C:\Users\Public
# environment
APPDATA = C:\Users\maxst\AppData\Roaming
# makefile (from 'makefile', line 3)
CFLAGS = -I.
# environment
HOMEDRIVE = C:
# environment
PROCESSOR_ARCHITECTURE = AMD64
# environment
VSCODE_AMD_ENTRYPOINT = vs/workbench/services/extensions/node/extensionHostProcess
# environment
HOME = /home/maxst
# environment
COMMONPROGRAMFILES(X86) = C:\Program Files (x86)\Common Files
# environment
ELECTRON_RUN_AS_NODE = 1
# environment
TEMP = /c/Users/maxst/AppData/Local/Temp
# environment
VSCODE_IPC_HOOK = \\.\pipe\f3cb8ce7f5518b37fe0da13a393b7687-1.62.3-main-sock
# environment
TERM = xterm-256color
# default
.RECIPEPREFIX := 
# automatic
<F = $(notdir $<)
# makefile (from 'makefile', line 4)
DEPS = .\classes\production.h .\classes\grammar.h .\classes\utility.h
# default
SUFFIXES := 
# environment
ALLUSERSPROFILE = C:\ProgramData
# environment
SESSIONNAME = Console
# default
.FEATURES := target-specific order-only second-expansion else-if shortest-stem undefine oneshell nocomment grouped-target extra-prereqs archives jobserver output-sync check-symlink load
# environment
REGIONCODE = EMEA
# environment
PROCESSOR_REVISION = 8e0a
# makefile (from 'makefile', line 2)
CC = gcc
# environment
PROCESSOR_IDENTIFIER = Intel64 Family 6 Model 142 Stepping 10, GenuineIntel
# variable set hash-table stats:
# Load=105/1024=10%, Rehash=0, Collisions=13/134=10%

# Pattern-specific Variable Values

# No pattern-specific variable values.

# Directories

# . (device 428019990, inode -2328555076339377775): 13 files, no impossibilities.

# 13 files, no impossibilities in 1 directories.

# Implicit Rules

%.o: %.c .\classes\production.h .\classes\grammar.h .\classes\utility.h
#  recipe to execute (from 'makefile', line 8):
	$(CC) -c -o $@ $< $(CFLAGS)

# 1 implicit rules, 0 (0.0%) terminal.
# Files

# Not a target:
.\classes\production.c:
#  Implicit rule search has not been done.
#  Modification time never checked.
#  File has not been updated.

# Not a target:
.\classes\utility.o:
#  Implicit rule search has not been done.
#  Modification time never checked.
#  File has not been updated.

# Not a target:
.DEFAULT:
#  Implicit rule search has not been done.
#  Modification time never checked.
#  File has not been updated.

# Not a target:
all:
#  Command line target.
#  Implicit rule search has been done.
#  File does not exist.
#  File has not been updated.

# Not a target:
.\classes\grammar.o:
#  Implicit rule search has not been done.
#  Modification time never checked.
#  File has not been updated.

main: main.o .\classes\production.c .\classes\grammar.o .\classes\utility.o
#  Implicit rule search has not been done.
#  Modification time never checked.
#  File has not been updated.
#  recipe to execute (from 'makefile', line 11):
	@ $(CC) -o $@ $^ $(CFLAGS)

# Not a target:
main.o:
#  Implicit rule search has not been done.
#  Modification time never checked.
#  File has not been updated.

# Not a target:
makefile:
#  Implicit rule search has been done.
#  Last modified 2021-11-25 16:03:23.999
#  File has been updated.
#  Successfully updated.

# files hash-table stats:
# Load=9/1024=1%, Rehash=0, Collisions=0/23=0%
# VPATH Search Paths

# No 'vpath' search paths.

# No general ('VPATH' variable) search path.

# strcache buffers: 1 (0) / strings = 26 / storage = 267 B / avg = 10 B
# current buf: size = 8162 B / used = 267 B / count = 26 / avg = 10 B

# strcache performance: lookups = 32 / hit rate = 18%
# hash-table stats:
# Load=26/8192=0%, Rehash=0, Collisions=0/32=0%
# Finished Make data base on Thu Nov 25 16:03:25 2021

 
